<?xml version="1.0" encoding="UTF-8"?>
<testsuite xmlns:xsi="http://www.w3.org/2001/XMLSchema-instance" xsi:noNamespaceSchemaLocation="https://maven.apache.org/surefire/maven-surefire-plugin/xsd/surefire-test-report-3.0.xsd" version="3.0" name="es.ies.puerto.model.fichero.FileOperationsTest" time="0.038" tests="11" errors="0" skipped="0" failures="4">
  <properties>
[...]
</properties>
  <testcase name="testEmpleadosPorEdad" classname="es.ies.puerto.model.fichero.FileOperationsTest" time="0.009">
    <failure message="El empleado Carlos debería estar en el rango de edades. ==&gt; expected: &lt;true&gt; but was: &lt;false&gt;" type="org.opentest4j.AssertionFailedError"><![CDATA[org.opentest4j.AssertionFailedError: El empleado Carlos debería estar en el rango de edades. ==> expected: <true> but was: <false>
	at org.junit.jupiter.api.AssertionFailureBuilder.build(AssertionFailureBuilder.java:151)
	at org.junit.jupiter.api.AssertionFailureBuilder.buildAndThrow(AssertionFailureBuilder.java:132)
	at org.junit.jupiter.api.AssertTrue.failNotTrue(AssertTrue.java:63)
	at org.junit.jupiter.api.AssertTrue.assertTrue(AssertTrue.java:36)
	at org.junit.jupiter.api.Assertions.assertTrue(Assertions.java:210)
	at es.ies.puerto.model.fichero.FileOperationsTest.testEmpleadosPorEdad(FileOperationsTest.java:100)
	at java.base/java.lang.reflect.Method.invoke(Method.java:568)
	at java.base/java.util.ArrayList.forEach(ArrayList.java:1511)
	at java.base/java.util.ArrayList.forEach(ArrayList.java:1511)
]]></failure>
  </testcase>
  <testcase name="testEmpleadosPorPuestoNoExistente" classname="es.ies.puerto.model.fichero.FileOperationsTest" time="0.002"/>
  <testcase name="testUpdateEmpleadoExistente" classname="es.ies.puerto.model.fichero.FileOperationsTest" time="0.002"/>
  <testcase name="testDeleteEmpleadoNoExistente" classname="es.ies.puerto.model.fichero.FileOperationsTest" time="0.002"/>
  <testcase name="testEmpleadosPorEdadNoExistente" classname="es.ies.puerto.model.fichero.FileOperationsTest" time="0.002">
    <failure message="No deberían existir empleados en el rango de edades. ==&gt; expected: &lt;true&gt; but was: &lt;false&gt;" type="org.opentest4j.AssertionFailedError"><![CDATA[org.opentest4j.AssertionFailedError: No deberían existir empleados en el rango de edades. ==> expected: <true> but was: <false>
	at org.junit.jupiter.api.AssertionFailureBuilder.build(AssertionFailureBuilder.java:151)
	at org.junit.jupiter.api.AssertionFailureBuilder.buildAndThrow(AssertionFailureBuilder.java:132)
	at org.junit.jupiter.api.AssertTrue.failNotTrue(AssertTrue.java:63)
	at org.junit.jupiter.api.AssertTrue.assertTrue(AssertTrue.java:36)
	at org.junit.jupiter.api.Assertions.assertTrue(Assertions.java:210)
	at es.ies.puerto.model.fichero.FileOperationsTest.testEmpleadosPorEdadNoExistente(FileOperationsTest.java:107)
	at java.base/java.lang.reflect.Method.invoke(Method.java:568)
	at java.base/java.util.ArrayList.forEach(ArrayList.java:1511)
	at java.base/java.util.ArrayList.forEach(ArrayList.java:1511)
]]></failure>
  </testcase>
  <testcase name="testReadEmpleadoNoExistente" classname="es.ies.puerto.model.fichero.FileOperationsTest" time="0.001"/>
  <testcase name="testUpdateEmpleadoNoExistente" classname="es.ies.puerto.model.fichero.FileOperationsTest" time="0.002">
    <failure message="No debería permitir actualizar un empleado que no existe. ==&gt; expected: &lt;false&gt; but was: &lt;true&gt;" type="org.opentest4j.AssertionFailedError"><![CDATA[org.opentest4j.AssertionFailedError: No debería permitir actualizar un empleado que no existe. ==> expected: <false> but was: <true>
	at org.junit.jupiter.api.AssertionFailureBuilder.build(AssertionFailureBuilder.java:151)
	at org.junit.jupiter.api.AssertionFailureBuilder.buildAndThrow(AssertionFailureBuilder.java:132)
	at org.junit.jupiter.api.AssertFalse.failNotFalse(AssertFalse.java:63)
	at org.junit.jupiter.api.AssertFalse.assertFalse(AssertFalse.java:36)
	at org.junit.jupiter.api.Assertions.assertFalse(Assertions.java:235)
	at es.ies.puerto.model.fichero.FileOperationsTest.testUpdateEmpleadoNoExistente(FileOperationsTest.java:62)
	at java.base/java.lang.reflect.Method.invoke(Method.java:568)
	at java.base/java.util.ArrayList.forEach(ArrayList.java:1511)
	at java.base/java.util.ArrayList.forEach(ArrayList.java:1511)
]]></failure>
  </testcase>
  <testcase name="testDeleteEmpleadoExistente" classname="es.ies.puerto.model.fichero.FileOperationsTest" time="0.003"/>
  <testcase name="testCreateEmpleado" classname="es.ies.puerto.model.fichero.FileOperationsTest" time="0.002"/>
  <testcase name="testReadEmpleadoExistente" classname="es.ies.puerto.model.fichero.FileOperationsTest" time="0.001"/>
  <testcase name="testEmpleadosPorPuesto" classname="es.ies.puerto.model.fichero.FileOperationsTest" time="0.002">
    <failure message="Debería haber un solo empleado con el puesto &apos;Manager&apos;. ==&gt; expected: &lt;1&gt; but was: &lt;2&gt;" type="org.opentest4j.AssertionFailedError"><![CDATA[org.opentest4j.AssertionFailedError: Debería haber un solo empleado con el puesto 'Manager'. ==> expected: <1> but was: <2>
	at org.junit.jupiter.api.AssertionFailureBuilder.build(AssertionFailureBuilder.java:151)
	at org.junit.jupiter.api.AssertionFailureBuilder.buildAndThrow(AssertionFailureBuilder.java:132)
	at org.junit.jupiter.api.AssertEquals.failNotEqual(AssertEquals.java:197)
	at org.junit.jupiter.api.AssertEquals.assertEquals(AssertEquals.java:150)
	at org.junit.jupiter.api.Assertions.assertEquals(Assertions.java:559)
	at es.ies.puerto.model.fichero.FileOperationsTest.testEmpleadosPorPuesto(FileOperationsTest.java:85)
	at java.base/java.lang.reflect.Method.invoke(Method.java:568)
	at java.base/java.util.ArrayList.forEach(ArrayList.java:1511)
	at java.base/java.util.ArrayList.forEach(ArrayList.java:1511)
]]></failure>
  </testcase>
</testsuite>